Arguments: 
  C:\Program Files\nodejs\node.exe C:\Users\Yousef\AppData\Local\node\corepack\yarn\1.22.19\bin\yarn.js add @mantine/forms zod

PATH: 
  C:\Python311\Scripts\;C:\Python311\;C:\Python310\Scripts\;C:\Python310\;C:\WINDOWS\system32;C:\WINDOWS;C:\WINDOWS\System32\Wbem;C:\WINDOWS\System32\WindowsPowerShell\v1.0\;C:\WINDOWS\System32\OpenSSH\;C:\ProgramData\chocolatey\bin;C:\Program Files\Git\cmd;C:\Program Files\OpenJDK\openjdk-11.0.14.1_1\bin;C:\Program Files\Docker\Docker\resources\bin;C:\ProgramData\DockerDesktop\version-bin;C:\Users\Yousef\AppData\Roaming\nvm;C:\Program Files\nodejs;C:\Users\Yousef\scoop\shims;C:\Users\Yousef\AppData\Local\pnpm;C:\Users\Yousef\.cargo\bin;C:\Users\Yousef\AppData\Local\Microsoft\WindowsApps;C:\Users\Yousef\AppData\Local\Programs\Microsoft VS Code\bin;C:\Users\Yousef\AppData\Local\Android\Sdk\platform-tools;C:\ghcup\bin;C:\Program Files\JetBrains\IntelliJ IDEA 2022.2.2\bin;C:\Users\Yousef\AppData\Local\JetBrains\Toolbox\scripts;C:\Users\Yousef\AppData\Local\Microsoft\WindowsApps;C:\Users\Yousef\AppData\Roaming\npm;C:\Users\Yousef\.deno\bin;C:\Program Files\SurrealDB;C:\Users\Yousef\AppData\Roaming\nvm;C:\Program Files\nodejs

Yarn version: 
  1.22.19

Node version: 
  18.13.0

Platform: 
  win32 x64

Trace: 
  Error: https://registry.yarnpkg.com/@mantine%2fforms: Not found
      at params.callback [as _callback] (C:\Users\Yousef\AppData\Local\node\corepack\yarn\1.22.19\lib\cli.js:66145:18)
      at self.callback (C:\Users\Yousef\AppData\Local\node\corepack\yarn\1.22.19\lib\cli.js:140890:22)
      at Request.emit (node:events:513:28)
      at Request.<anonymous> (C:\Users\Yousef\AppData\Local\node\corepack\yarn\1.22.19\lib\cli.js:141862:10)
      at Request.emit (node:events:513:28)
      at IncomingMessage.<anonymous> (C:\Users\Yousef\AppData\Local\node\corepack\yarn\1.22.19\lib\cli.js:141784:12)
      at Object.onceWrapper (node:events:627:28)
      at IncomingMessage.emit (node:events:525:35)
      at endReadableNT (node:internal/streams/readable:1359:12)
      at process.processTicksAndRejections (node:internal/process/task_queues:82:21)

npm manifest: 
  {
    "name": "silverbullet",
    "version": "1.0.0",
    "main": "node_modules/expo/AppEntry.js",
    "scripts": {
      "start": "expo start",
      "android": "expo start --android",
      "ios": "expo start --ios",
      "web": "expo start --web"
    },
    "dependencies": {
      "@expo-google-fonts/poppins": "^0.2.3",
      "@react-native-async-storage/async-storage": "^1.17.11",
      "@react-navigation/native": "^6.1.5",
      "@react-navigation/stack": "^6.3.15",
      "@tanstack/react-query": "^4.24.10",
      "@types/react": "~18.0.27",
      "axios": "^1.3.4",
      "expo": "~48.0.4",
      "expo-status-bar": "~1.4.4",
      "phosphor-react-native": "^1.1.2",
      "react": "18.2.0",
      "react-native": "0.71.3",
      "react-native-gesture-handler": "^2.9.0",
      "react-native-reanimated": "^2.14.4",
      "react-native-safe-area-context": "^4.5.0",
      "react-native-screens": "^3.20.0",
      "react-native-svg-transformer": "^1.0.0",
      "typescript": "^4.9.4",
      "react-native-svg": "13.4.0",
      "expo-splash-screen": "~0.18.1"
    },
    "devDependencies": {
      "@babel/core": "^7.20.0"
    },
    "private": true
  }

yarn manifest: 
  No manifest

Lockfile: 
  No lockfile
